<?xml version="1.0" encoding="UTF-8"?>
<!-- Generated by org.testng.reporters.JUnitReportReporter -->
<testsuite hostname="DESKTOP-DL1MHBB" failures="0" tests="6" name="simple_DataProvider.FacebookSignUPTest" time="29.808" errors="0" timestamp="21 Feb 2022 10:34:41 GMT" skipped="0">
  <testcase classname="simple_DataProvider.FacebookSignUPTest" name="click_On_CreateNewAccount" time="4.377"/>
  <testcase classname="simple_DataProvider.FacebookSignUPTest" name="click_On_CreateNewAccount" time="4.510"/>
  <testcase classname="simple_DataProvider.FacebookSignUPTest" name="click_On_CreateNewAccount" time="8.042"/>
  <testcase classname="simple_DataProvider.FacebookSignUPTest" name="click_On_CreateNewAccount" time="4.239"/>
  <testcase classname="simple_DataProvider.FacebookSignUPTest" name="click_On_CreateNewAccount" time="4.350"/>
  <testcase classname="simple_DataProvider.FacebookSignUPTest" name="click_On_CreateNewAccount" time="4.290"/>
</testsuite> <!-- simple_DataProvider.FacebookSignUPTest -->
